Begin Incremental Netlisting Oct 25 19:49:21 2023
End netlisting Oct 25 19:49:21 2023
Begin Incremental Netlisting Oct 25 19:49:48 2023
ERROR (OSSHNL-109): The cellview 'cad45nm/NOR2X4/schematic' has been modified
since the last extraction. Validate
that the schematic is correct and run Check
and Save to correct this error.

End netlisting Oct 25 19:49:48 2023
Begin Incremental Netlisting Oct 25 19:49:51 2023
ERROR (OSSHNL-109): The cellview 'cad45nm/NOR2X4/schematic' has been modified
since the last extraction. Validate
that the schematic is correct and run Check
and Save to correct this error.

End netlisting Oct 25 19:49:51 2023
Begin Incremental Netlisting Oct 25 19:49:57 2023
ERROR (OSSHNL-109): The cellview 'cad45nm/NOR2X4/schematic' has been modified
since the last extraction. Validate
that the schematic is correct and run Check
and Save to correct this error.

End netlisting Oct 25 19:49:57 2023
Begin Incremental Netlisting Oct 25 19:50:10 2023
End netlisting Oct 25 19:50:10 2023
